2019-08-27 12:51:44,073 - root - DEBUG - Auth/authenticate()
2019-08-27 12:51:44,073 - root - DEBUG - Auth/authenticate() --> needed to authenticate
2019-08-27 12:51:44,073 - root - DEBUG - RSA_auth/get_session_token() function started
2019-08-27 12:51:44,073 - root - DEBUG - RSA_auth/getJWT() function started
2019-08-27 12:51:44,511 - root - DEBUG - RSA/session token success
2019-08-27 12:51:44,511 - root - DEBUG - RSA_auth/get_keyauth()
2019-08-27 12:51:44,511 - root - DEBUG - RSA_auth/getJWT() function started
2019-08-27 12:51:45,007 - root - DEBUG - RSA/keymanager token success
2019-08-27 12:51:45,008 - root - INFO - DataFeedEventService/startDataFeed()
2019-08-27 12:51:45,008 - root - DEBUG - DataFeedClient/create_datafeed()
2019-08-27 12:51:46,058 - root - DEBUG - DataFeedClient/read_datafeed()
2019-08-27 12:51:53,943 - root - DEBUG - DataFeedEventService/read_datafeed() --> Incoming data from read_datafeed(): {
    "messageSent": {
        "message": {
            "messageId": "beawZ7dxXaB63QDBhcsI7X___pMsAlFVbQ",
            "timestamp": 1566924713642,
            "message": "<div data-format=\"PresentationML\" data-version=\"2.0\" class=\"wysiwyg\"><p>hi</p></div>",
            "data": "{}",
            "user": {
                "userId": 349026222344902,
                "firstName": "Reed",
                "lastName": "Feldman",
                "displayName": "Reed Feldman (Develop 2)",
                "email": "reed.feldman@symphony.com",
                "username": "reed.feldman@symphony.com"
            },
            "stream": {
                "streamId": "6SXAqKRpJtyDMZ18cohsHn___pNox4htdA",
                "streamType": "IM"
            },
            "externalRecipients": false,
            "userAgent": "DESKTOP-40.0.0-10665-MacOSX-10.14.6-Chrome-76.0.3809.100",
            "originalFormat": "com.symphony.messageml.v2"
        }
    }
}
2019-08-27 12:51:53,943 - root - DEBUG - UserClient/get_session_user()
2019-08-27 12:51:54,054 - root - DEBUG - DataFeedEventService/handle_event()
2019-08-27 12:51:54,054 - root - DEBUG - msg_sent_handler function started
2019-08-27 12:51:54,054 - root - DEBUG - message received in IMM
2019-08-27 12:51:54,054 - root - DEBUG - insdie of process
